build/intermediates/manifest_merge_blame_file/debug/manifest-merger-blame-debug-report.txt
1<?xml version="1.0" encoding="utf-8"?>
2<manifest xmlns:android="http://schemas.android.com/apk/res/android"
3    package="com.cmsv6demo"
4    android:versionCode="10001"
5    android:versionName="1.0.1" >
6
7    <uses-sdk
8        android:minSdkVersion="11"
8-->GitHub/android_cmsv6demo/AndroidManifest.xml
9        android:targetSdkVersion="30" />
9-->GitHub/android_cmsv6demo/AndroidManifest.xml
10
11    <uses-feature
11-->GitHub/android_cmsv6demo/AndroidManifest.xml:8:5-10:34
12        android:glEsVersion="0x00020000"
12-->GitHub/android_cmsv6demo/AndroidManifest.xml:9:9-41
13        android:required="true" />
13-->GitHub/android_cmsv6demo/AndroidManifest.xml:10:9-32
14
15    <uses-permission android:name="android.permission.WRITE_EXTERNAL_STORAGE" />
15-->GitHub/android_cmsv6demo/AndroidManifest.xml:56:2-78
15-->GitHub/android_cmsv6demo/AndroidManifest.xml:56:19-75
16    <uses-permission android:name="android.permission.INTERNET" />
16-->GitHub/android_cmsv6demo/AndroidManifest.xml:57:5-67
16-->GitHub/android_cmsv6demo/AndroidManifest.xml:57:22-64
17    <uses-permission android:name="android.permission.RECORD_AUDIO" />
17-->GitHub/android_cmsv6demo/AndroidManifest.xml:58:5-71
17-->GitHub/android_cmsv6demo/AndroidManifest.xml:58:22-68
18    <uses-permission android:name="android.permission.READ_EXTERNAL_STORAGE" />
18-->GitHub/android_cmsv6demo/AndroidManifest.xml:59:5-80
18-->GitHub/android_cmsv6demo/AndroidManifest.xml:59:22-77
19    <uses-permission android:name="android.permission.READ_PHONE_STATE" />
19-->GitHub/android_cmsv6demo/AndroidManifest.xml:60:5-75
19-->GitHub/android_cmsv6demo/AndroidManifest.xml:60:22-72
20    <uses-permission android:name="android.permission.WAKE_LOCK" />
20-->GitHub/android_cmsv6demo/AndroidManifest.xml:62:5-68
20-->GitHub/android_cmsv6demo/AndroidManifest.xml:62:22-65
21    <uses-permission android:name="android.permission.GET_TASKS" />
21-->GitHub/android_cmsv6demo/AndroidManifest.xml:63:5-67
21-->GitHub/android_cmsv6demo/AndroidManifest.xml:63:22-65
22    <uses-permission android:name="android.permission.CHANGE_CONFIGURATION" />
22-->GitHub/android_cmsv6demo/AndroidManifest.xml:64:5-65:47
22-->GitHub/android_cmsv6demo/AndroidManifest.xml:64:22-76
23    <uses-permission android:name="android.permission.WRITE_EXTERNAL_STORAGE" />
23-->GitHub/android_cmsv6demo/AndroidManifest.xml:56:2-78
23-->GitHub/android_cmsv6demo/AndroidManifest.xml:56:19-75
24    <uses-permission android:name="com.android.launcher.permission.INSTALL_SHORTCUT" />
24-->GitHub/android_cmsv6demo/AndroidManifest.xml:67:5-87
24-->GitHub/android_cmsv6demo/AndroidManifest.xml:67:22-85
25    <uses-permission android:name="com.android.launcher.permission.READ_SETTINGS" />
25-->GitHub/android_cmsv6demo/AndroidManifest.xml:68:5-84
25-->GitHub/android_cmsv6demo/AndroidManifest.xml:68:22-82
26    <uses-permission android:name="android.permission.RECORD_VIDEO" />
26-->GitHub/android_cmsv6demo/AndroidManifest.xml:69:5-70
26-->GitHub/android_cmsv6demo/AndroidManifest.xml:69:22-68
27    <uses-permission android:name="android.intent.action.PACKAGE_ADDED" />
27-->GitHub/android_cmsv6demo/AndroidManifest.xml:70:5-74
27-->GitHub/android_cmsv6demo/AndroidManifest.xml:70:22-72
28    <uses-permission android:name="android.permission.ACCESS_WIFI_STATE" />
28-->GitHub/android_cmsv6demo/AndroidManifest.xml:71:5-75
28-->GitHub/android_cmsv6demo/AndroidManifest.xml:71:22-73
29    <uses-permission android:name="android.permission.CHANGE_WIFI_STATE" />
29-->GitHub/android_cmsv6demo/AndroidManifest.xml:72:5-75
29-->GitHub/android_cmsv6demo/AndroidManifest.xml:72:22-73
30    <uses-permission android:name="android.permission.READ_PHONE_STATE" />
30-->GitHub/android_cmsv6demo/AndroidManifest.xml:60:5-75
30-->GitHub/android_cmsv6demo/AndroidManifest.xml:60:22-72
31    <uses-permission android:name="android.permission.ACCESS_COARSE_LOCATION" />
31-->GitHub/android_cmsv6demo/AndroidManifest.xml:74:5-80
31-->GitHub/android_cmsv6demo/AndroidManifest.xml:74:22-78
32    <uses-permission android:name="android.permission.CAMERA" />
32-->GitHub/android_cmsv6demo/AndroidManifest.xml:75:5-64
32-->GitHub/android_cmsv6demo/AndroidManifest.xml:75:22-62
33
34    <application
34-->GitHub/android_cmsv6demo/AndroidManifest.xml:13:5-54:19
35        android:allowBackup="true"
35-->GitHub/android_cmsv6demo/AndroidManifest.xml:15:9-35
36        android:debuggable="true"
37        android:icon="@drawable/ic_launcher"
37-->GitHub/android_cmsv6demo/AndroidManifest.xml:16:9-45
38        android:label="@string/app_name"
38-->GitHub/android_cmsv6demo/AndroidManifest.xml:17:9-41
39        android:testOnly="true"
40        android:theme="@style/AppTheme" >
40-->GitHub/android_cmsv6demo/AndroidManifest.xml:18:9-40
41        <activity
41-->GitHub/android_cmsv6demo/AndroidManifest.xml:20:9-27:20
42            android:name="com.cmsv6demo.MainActivity"
42-->GitHub/android_cmsv6demo/AndroidManifest.xml:21:13-54
43            android:label="@string/app_name" >
43-->GitHub/android_cmsv6demo/AndroidManifest.xml:22:13-45
44            <intent-filter>
44-->GitHub/android_cmsv6demo/AndroidManifest.xml:23:13-26:29
45                <action android:name="android.intent.action.MAIN" />
45-->GitHub/android_cmsv6demo/AndroidManifest.xml:24:17-69
45-->GitHub/android_cmsv6demo/AndroidManifest.xml:24:25-66
46
47                <category android:name="android.intent.category.LAUNCHER" />
47-->GitHub/android_cmsv6demo/AndroidManifest.xml:25:17-77
47-->GitHub/android_cmsv6demo/AndroidManifest.xml:25:27-74
48            </intent-filter>
49        </activity>
50        <activity
50-->GitHub/android_cmsv6demo/AndroidManifest.xml:28:9-31:20
51            android:name="com.cmsv6demo.RecordActivity"
51-->GitHub/android_cmsv6demo/AndroidManifest.xml:29:13-56
52            android:label="@string/app_name" >
52-->GitHub/android_cmsv6demo/AndroidManifest.xml:30:13-45
53        </activity>
54        <activity
54-->GitHub/android_cmsv6demo/AndroidManifest.xml:32:9-35:20
55            android:name="com.cmsv6demo.PlaybackActivity"
55-->GitHub/android_cmsv6demo/AndroidManifest.xml:33:12-57
56            android:label="@string/app_name" >
56-->GitHub/android_cmsv6demo/AndroidManifest.xml:34:12-44
57        </activity>
58        <activity
58-->GitHub/android_cmsv6demo/AndroidManifest.xml:37:9-40:20
59            android:name="com.cmsv6demo.DeviceSearchActivity"
59-->GitHub/android_cmsv6demo/AndroidManifest.xml:38:12-61
60            android:label="@string/app_name" >
60-->GitHub/android_cmsv6demo/AndroidManifest.xml:39:12-44
61        </activity>
62        <activity
62-->GitHub/android_cmsv6demo/AndroidManifest.xml:42:9-45:20
63            android:name="com.cmsv6demo.MainDirectActivity"
63-->GitHub/android_cmsv6demo/AndroidManifest.xml:43:13-60
64            android:label="@string/app_name" >
64-->GitHub/android_cmsv6demo/AndroidManifest.xml:44:13-45
65        </activity>
66        <activity
66-->GitHub/android_cmsv6demo/AndroidManifest.xml:46:9-49:20
67            android:name="com.cmsv6demo.PreviewActivity"
67-->GitHub/android_cmsv6demo/AndroidManifest.xml:47:13-57
68            android:label="@string/app_name" >
68-->GitHub/android_cmsv6demo/AndroidManifest.xml:48:13-45
69        </activity>
70
71        <meta-data
71-->GitHub/android_cmsv6demo/AndroidManifest.xml:51:9-75
72            android:name="android.max_aspect"
72-->GitHub/android_cmsv6demo/AndroidManifest.xml:51:20-53
73            android:value="2.1" />
73-->GitHub/android_cmsv6demo/AndroidManifest.xml:51:54-73
74    </application>
75
76</manifest>